submitit INFO (2026-04-15 14:53:12,141) - Starting with JobEnvironment(job_id=2814315_0, hostname=cn003, local_rank=0(1), node=0(1), global_rank=0(1))
submitit INFO (2026-04-15 14:53:12,141) - Loading pickle: /home/matgat/safe-bimanual-rl/multirun/2026-04-15/14-53-05/.submitit/2814315_0/2814315_0_submitted.pkl
Running with config:
{'n_epochs': 150, 'n_steps': 4000, 'n_steps_test': 2000, 'use_cluster': True, 'save_model': True, 'model_name': 'reach_cube_agent', 'contact_cost_weight': -0.0001, 'control_cost_weight': -0.0001, 'cube_distance_weight': 1.0, 'cube_touched_reward': 10.0, 'contact_threshold': 1.0}
15/04/2026 14:53:40 [INFO] ###################################################################################################
15/04/2026 14:53:40 [INFO] Experiment Algorithm: SAC - ReachEnv
15/04/2026 14:53:56 [INFO] Epoch 0 | J: -0.04663909122123448 R: -0.07521571115844024
15/04/2026 14:54:23 [INFO] Epoch 1 | J: -0.04768465903004551 R: -0.08355356435728262
15/04/2026 14:54:59 [INFO] Epoch 2 | J: -0.03998709365731494 R: -0.09151348132486897
15/04/2026 14:55:39 [INFO] Epoch 3 | J: -0.042996212191802045 R: -0.09967659687846922
15/04/2026 14:56:19 [INFO] Epoch 4 | J: -0.047854948361603575 R: -0.11229693102826767
15/04/2026 14:56:59 [INFO] Epoch 5 | J: -0.043675503316043994 R: -0.08082539899222538
15/04/2026 14:57:39 [INFO] Epoch 6 | J: -0.03358631454258372 R: -0.045493793864727725
15/04/2026 14:58:19 [INFO] Epoch 7 | J: -0.06477400129312588 R: -0.13445738981949257
15/04/2026 14:58:59 [INFO] Epoch 8 | J: -0.02918819385676648 R: -0.04203940945828697
15/04/2026 14:59:40 [INFO] Epoch 9 | J: -0.06239997194027727 R: -0.1375337058771456
15/04/2026 15:00:20 [INFO] Epoch 10 | J: -0.060136743760046005 R: -0.13609248221935139
15/04/2026 15:01:01 [INFO] Epoch 11 | J: -0.033882637901142966 R: -0.04736444128701525
15/04/2026 15:01:41 [INFO] Epoch 12 | J: -0.06253089346420614 R: -0.1485999967079512
15/04/2026 15:02:21 [INFO] Epoch 13 | J: -0.0645249767556272 R: -0.15190100114168686
15/04/2026 15:03:02 [INFO] Epoch 14 | J: -0.04522693060090597 R: -0.06386964505680157
15/04/2026 15:03:42 [INFO] Epoch 15 | J: -0.06395732884010034 R: -0.13766828310928367
15/04/2026 15:04:22 [INFO] Epoch 16 | J: -0.04821706601133262 R: -0.07664978355648813
15/04/2026 15:05:02 [INFO] Epoch 17 | J: -0.05124620654690015 R: -0.09527158474367102
15/04/2026 15:05:42 [INFO] Epoch 18 | J: -0.039930686277994266 R: -0.053321695250569054
15/04/2026 15:06:23 [INFO] Epoch 19 | J: -0.03219106041097147 R: -0.04208660484313283
15/04/2026 15:07:03 [INFO] Epoch 20 | J: -0.061361390245336496 R: -0.13956855056937584
15/04/2026 15:07:43 [INFO] Epoch 21 | J: -0.04472713909295951 R: -0.07351934864091778
15/04/2026 15:08:24 [INFO] Epoch 22 | J: -0.043640136391489164 R: -0.07239495116770225
15/04/2026 15:09:04 [INFO] Epoch 23 | J: -0.061009337792333904 R: -0.13776451417765462
15/04/2026 15:09:44 [INFO] Epoch 24 | J: -0.05365991269318647 R: -0.09596132914692168
15/04/2026 15:10:25 [INFO] Epoch 25 | J: -0.04588940623206062 R: -0.0669091386701266
15/04/2026 15:11:08 [INFO] Epoch 26 | J: -0.08361027976302737 R: -0.1946396878101032
15/04/2026 15:11:49 [INFO] Epoch 27 | J: -0.06030492757917965 R: -0.14287417234384978
15/04/2026 15:12:30 [INFO] Epoch 28 | J: -0.07173264785229443 R: -0.15834786343172794
15/04/2026 15:13:12 [INFO] Epoch 29 | J: -0.06938523177979918 R: -0.14542025317452945
15/04/2026 15:13:53 [INFO] Epoch 30 | J: -0.060232765915424355 R: -0.11310266722922606
15/04/2026 15:14:34 [INFO] Epoch 31 | J: -0.06293803807916391 R: -0.13699409065817977
15/04/2026 15:15:15 [INFO] Epoch 32 | J: -0.03526336687866395 R: -0.008713239950624582
15/04/2026 15:15:56 [INFO] Epoch 33 | J: -0.06261587152877533 R: -0.1258254359650743
15/04/2026 15:16:37 [INFO] Epoch 34 | J: -0.06983877283023425 R: -0.16290154689816666
15/04/2026 15:17:17 [INFO] Epoch 35 | J: -0.062306298889660085 R: -0.13624702991433704
15/04/2026 15:17:58 [INFO] Epoch 36 | J: -0.05248878825789432 R: -0.09812592628618393
15/04/2026 15:18:39 [INFO] Epoch 37 | J: -0.06520456064138577 R: -0.14643633941674022
15/04/2026 15:19:19 [INFO] Epoch 38 | J: -0.05775703059235368 R: -0.11163619381059617
15/04/2026 15:20:00 [INFO] Epoch 39 | J: -0.027568470470034863 R: -0.054610012983497214
15/04/2026 15:20:40 [INFO] Epoch 40 | J: -0.047853800127720364 R: -0.08881440419251732
15/04/2026 15:21:21 [INFO] Epoch 41 | J: -0.04324244461383946 R: -0.07343121840008623
15/04/2026 15:22:01 [INFO] Epoch 42 | J: -0.06339660449149218 R: -0.14654260523401147
15/04/2026 15:22:42 [INFO] Epoch 43 | J: -0.05993421842182304 R: -0.13822113629215266
15/04/2026 15:23:23 [INFO] Epoch 44 | J: -0.03097283381049709 R: -0.047388726675250924
15/04/2026 15:24:03 [INFO] Epoch 45 | J: -0.0005991924201770352 R: -0.0410577651554646
15/04/2026 15:24:44 [INFO] Epoch 46 | J: 0.03473340778980689 R: 0.03891544825225302
15/04/2026 15:25:25 [INFO] Epoch 47 | J: -0.07530868033870353 R: -0.15625920379246494
15/04/2026 15:26:06 [INFO] Epoch 48 | J: -0.06371512031671885 R: -0.14513738361461984
15/04/2026 15:26:46 [INFO] Epoch 49 | J: -0.04934071571365813 R: -0.10423254644415901
15/04/2026 15:27:27 [INFO] Epoch 50 | J: -0.04532402442154503 R: -0.08074206670354964
15/04/2026 15:28:07 [INFO] Epoch 51 | J: -0.05677539592555248 R: -0.12293986898425276
15/04/2026 15:28:48 [INFO] Epoch 52 | J: -0.049463496242027886 R: -0.08071313209454155
15/04/2026 15:29:28 [INFO] Epoch 53 | J: -0.05573098990804325 R: -0.12799072085324797
15/04/2026 15:30:09 [INFO] Epoch 54 | J: -0.06309443121707267 R: -0.14706461202246376
15/04/2026 15:30:50 [INFO] Epoch 55 | J: -0.05569699789354306 R: -0.10649989885945214
15/04/2026 15:31:31 [INFO] Epoch 56 | J: -0.0708933441187547 R: -0.15640184042086527
15/04/2026 15:32:11 [INFO] Epoch 57 | J: -0.07111980695794567 R: -0.15979707725189585
15/04/2026 15:32:52 [INFO] Epoch 58 | J: -0.06670021503227073 R: -0.1462183596028537
15/04/2026 15:33:33 [INFO] Epoch 59 | J: -0.06723212627859276 R: -0.11796878622916722
15/04/2026 15:34:14 [INFO] Epoch 60 | J: -0.0697027143717199 R: -0.15437257882070782
15/04/2026 15:34:55 [INFO] Epoch 61 | J: -0.061338034246592774 R: -0.10747095126794244
15/04/2026 15:35:36 [INFO] Epoch 62 | J: -0.07219732560254208 R: -0.1635182094581646
15/04/2026 15:36:16 [INFO] Epoch 63 | J: -0.0616497182933117 R: -0.1274132829053022
15/04/2026 15:36:57 [INFO] Epoch 64 | J: -0.06578097185670254 R: -0.15303636178320934
15/04/2026 15:37:38 [INFO] Epoch 65 | J: -0.06940544978333517 R: -0.15447774706968484
15/04/2026 15:38:19 [INFO] Epoch 66 | J: -0.06004637145580225 R: -0.1362546419943418
15/04/2026 15:39:00 [INFO] Epoch 67 | J: -0.05821081164812951 R: -0.135619114251629
15/04/2026 15:39:41 [INFO] Epoch 68 | J: -0.05664655603673135 R: -0.12438662058752104
15/04/2026 15:40:22 [INFO] Epoch 69 | J: -0.07101103635145453 R: -0.16343185542876942
15/04/2026 15:41:03 [INFO] Epoch 70 | J: -0.06527480385414544 R: -0.14968256759485543
15/04/2026 15:41:43 [INFO] Epoch 71 | J: -0.0654753120250455 R: -0.15527675716292033
15/04/2026 15:42:23 [INFO] Epoch 72 | J: -0.05710335398150659 R: -0.13345527680289557
15/04/2026 15:43:04 [INFO] Epoch 73 | J: -0.05089844041378696 R: -0.0991533011650827
15/04/2026 15:43:45 [INFO] Epoch 74 | J: -0.04577899916321259 R: -0.08654484111969889
15/04/2026 15:44:26 [INFO] Epoch 75 | J: -0.046014012107271726 R: -0.09069773964086089
15/04/2026 15:45:07 [INFO] Epoch 76 | J: -0.04592155144018666 R: -0.07514751494072362
15/04/2026 15:45:48 [INFO] Epoch 77 | J: -0.06521741747010394 R: -0.15824642329726596
15/04/2026 15:46:29 [INFO] Epoch 78 | J: -0.05668734506448119 R: -0.11269878028328986
15/04/2026 15:47:10 [INFO] Epoch 79 | J: -0.05534983779544736 R: -0.1219569472722613
15/04/2026 15:47:51 [INFO] Epoch 80 | J: -0.04386486104653785 R: -0.09675606038274925
15/04/2026 15:48:32 [INFO] Epoch 81 | J: -0.06132050272367754 R: -0.13312698724528646
15/04/2026 15:49:13 [INFO] Epoch 82 | J: -0.05706193970041181 R: -0.12373561012729861
15/04/2026 15:49:53 [INFO] Epoch 83 | J: -0.05671595899504667 R: -0.12629128260361477
15/04/2026 15:50:34 [INFO] Epoch 84 | J: -0.05463519143074091 R: -0.11775645472617058
15/04/2026 15:51:16 [INFO] Epoch 85 | J: -0.059130056932867464 R: -0.12800230182964698
15/04/2026 15:51:56 [INFO] Epoch 86 | J: -0.054562705829326555 R: -0.11436513490790805
15/04/2026 15:52:37 [INFO] Epoch 87 | J: -0.0396269413129844 R: -0.053655236174999454
15/04/2026 15:53:18 [INFO] Epoch 88 | J: -0.04045428972094365 R: -0.053183455110515324
15/04/2026 15:54:00 [INFO] Epoch 89 | J: 0.5152513128295755 R: 0.9810650107893768
15/04/2026 15:54:41 [INFO] Epoch 90 | J: -0.0281640173127889 R: -0.035090832489457935
15/04/2026 15:55:21 [INFO] Epoch 91 | J: -0.0423950972105323 R: -0.060253215288973566
15/04/2026 15:56:02 [INFO] Epoch 92 | J: -0.04513431787204243 R: -0.07350618609054717
15/04/2026 15:56:43 [INFO] Epoch 93 | J: -0.06651770445413162 R: -0.1338279933641247
15/04/2026 15:57:24 [INFO] Epoch 94 | J: -0.00456157688443108 R: 0.1542492463819411
15/04/2026 15:58:05 [INFO] Epoch 95 | J: -0.06342780406848146 R: -0.141024927159118
15/04/2026 15:58:46 [INFO] Epoch 96 | J: -0.06899910307246993 R: -0.15681569360899042
15/04/2026 15:59:27 [INFO] Epoch 97 | J: -0.06180934210164144 R: -0.12933039994677245
15/04/2026 16:00:08 [INFO] Epoch 98 | J: -0.057621711099897596 R: -0.11948555552066886
15/04/2026 16:00:49 [INFO] Epoch 99 | J: -0.0765415204122983 R: -0.17374828026421735
15/04/2026 16:01:30 [INFO] Epoch 100 | J: -0.04001359270677828 R: -0.026566124583980725
15/04/2026 16:02:10 [INFO] Epoch 101 | J: -0.043694684890346315 R: -0.0632647652091576
15/04/2026 16:02:51 [INFO] Epoch 102 | J: -0.056924324571581184 R: -0.11427015244355572
15/04/2026 16:03:31 [INFO] Epoch 103 | J: -0.05026944024140449 R: -0.07905233005311176
15/04/2026 16:04:12 [INFO] Epoch 104 | J: -0.06320824725912735 R: -0.13195745146195556
15/04/2026 16:04:52 [INFO] Epoch 105 | J: -0.008148569140772135 R: -0.03920684807790672
15/04/2026 16:05:33 [INFO] Epoch 106 | J: -0.06190942283688362 R: -0.13605984232781732
15/04/2026 16:06:14 [INFO] Epoch 107 | J: -0.06023273752926016 R: -0.14539523333988463
15/04/2026 16:06:55 [INFO] Epoch 108 | J: 0.17544724200186054 R: 0.6578571707737211
15/04/2026 16:07:35 [INFO] Epoch 109 | J: -0.057001720423476794 R: -0.12707368693738746
15/04/2026 16:08:16 [INFO] Epoch 110 | J: -0.05230822771249301 R: -0.11032031866997749
15/04/2026 16:08:56 [INFO] Epoch 111 | J: -0.050476023814585685 R: -0.10636197533738444
15/04/2026 16:09:36 [INFO] Epoch 112 | J: -0.021209632837987324 R: -0.0330675126897904
15/04/2026 16:10:17 [INFO] Epoch 113 | J: 0.004059379204542932 R: -0.0076367029650209915
15/04/2026 16:10:58 [INFO] Epoch 114 | J: -0.06532428239034814 R: -0.1485836525994892
15/04/2026 16:11:38 [INFO] Epoch 115 | J: 3.268329356510614 R: 5.540503690258784
15/04/2026 16:12:19 [INFO] Epoch 116 | J: 1.0708664018560272 R: 3.1577907739777062
15/04/2026 16:13:00 [INFO] Epoch 117 | J: -0.018852344675512923 R: 0.016942574595126013
15/04/2026 16:13:41 [INFO] Epoch 118 | J: -0.03720681103349922 R: -0.062275275845818344
15/04/2026 16:14:21 [INFO] Epoch 119 | J: -0.06101866705725884 R: -0.11579812793310128
15/04/2026 16:15:02 [INFO] Epoch 120 | J: -0.06213555431534296 R: -0.13223983756132626
15/04/2026 16:15:43 [INFO] Epoch 121 | J: 0.0017542595200426558 R: 0.10691117334354511
15/04/2026 16:16:23 [INFO] Epoch 122 | J: -0.03771145158564451 R: -0.05023754638782217
15/04/2026 16:17:04 [INFO] Epoch 123 | J: -0.058404686311152997 R: -0.1225686277300384
15/04/2026 16:17:44 [INFO] Epoch 124 | J: -0.0592115150070104 R: -0.13232663104857215
15/04/2026 16:18:24 [INFO] Epoch 125 | J: -0.04987009217261259 R: -0.09551332801057806
15/04/2026 16:19:05 [INFO] Epoch 126 | J: -0.06163096527237903 R: -0.14243425564925
15/04/2026 16:19:46 [INFO] Epoch 127 | J: -0.05375380939788066 R: -0.11928107039732896
15/04/2026 16:20:26 [INFO] Epoch 128 | J: -0.056003552731190474 R: -0.12957483829280697
15/04/2026 16:21:07 [INFO] Epoch 129 | J: -0.015142559173046325 R: -0.01561482372184685
15/04/2026 16:21:47 [INFO] Epoch 130 | J: 0.03993297026097437 R: 0.06932018546996564
15/04/2026 16:22:28 [INFO] Epoch 131 | J: -0.035051575684216976 R: -0.04532818053141846
15/04/2026 16:23:09 [INFO] Epoch 132 | J: -0.04818498774172806 R: -0.12308002359177742
15/04/2026 16:23:49 [INFO] Epoch 133 | J: -0.06348573367775513 R: -0.14937589034274928
15/04/2026 16:24:30 [INFO] Epoch 134 | J: -0.02272307781536538 R: -0.05094480314376358
15/04/2026 16:25:11 [INFO] Epoch 135 | J: 1.3969491293135676 R: 2.828916983593142
15/04/2026 16:25:51 [INFO] Epoch 136 | J: -0.004877703104153047 R: 0.02629379001250036
15/04/2026 16:26:32 [INFO] Epoch 137 | J: -0.051773792385354414 R: -0.1121972676533057
15/04/2026 16:27:13 [INFO] Epoch 138 | J: -0.04890894198606196 R: -0.1231771112340632
15/04/2026 16:27:53 [INFO] Epoch 139 | J: -0.051726354984424294 R: -0.12850353023845865
15/04/2026 16:28:34 [INFO] Epoch 140 | J: -0.053054563333294 R: -0.12472460886534006
15/04/2026 16:29:15 [INFO] Epoch 141 | J: -0.04902566076436625 R: -0.12071473733881592
15/04/2026 16:29:56 [INFO] Epoch 142 | J: -0.0479801264130427 R: -0.11855733009017279
15/04/2026 16:30:37 [INFO] Epoch 143 | J: -0.05817554042872584 R: -0.14354280139240055
15/04/2026 16:31:18 [INFO] Epoch 144 | J: -0.045499890475185586 R: -0.11103786670632199
15/04/2026 16:31:59 [INFO] Epoch 145 | J: -0.04671412144097613 R: -0.1082290876021323
15/04/2026 16:32:40 [INFO] Epoch 146 | J: -0.005504709356851479 R: 0.025127751751725845
15/04/2026 16:33:21 [INFO] Epoch 147 | J: -0.05316084601096667 R: -0.1253959124803415
15/04/2026 16:34:02 [INFO] Epoch 148 | J: -0.04838639379020334 R: -0.1117983724718811
15/04/2026 16:34:43 [INFO] Epoch 149 | J: -0.0537454782239329 R: -0.10501584771498257
15/04/2026 16:35:24 [INFO] Epoch 150 | J: -0.048835145341583695 R: -0.092681504555749
15/04/2026 16:35:25 [INFO] Experiment finished.
submitit INFO (2026-04-15 16:35:25,348) - Job completed successfully
[2026-04-15 16:35:25,348][submitit][INFO] - Job completed successfully
submitit INFO (2026-04-15 16:35:25,352) - Exiting after successful completion
[2026-04-15 16:35:25,352][submitit][INFO] - Exiting after successful completion
