submitit INFO (2026-04-15 14:53:12,141) - Starting with JobEnvironment(job_id=2814315_1, hostname=cn003, local_rank=0(1), node=0(1), global_rank=0(1))
submitit INFO (2026-04-15 14:53:12,141) - Loading pickle: /home/matgat/safe-bimanual-rl/multirun/2026-04-15/14-53-05/.submitit/2814315_1/2814315_1_submitted.pkl
Running with config:
{'n_epochs': 150, 'n_steps': 4000, 'n_steps_test': 2000, 'use_cluster': True, 'save_model': True, 'model_name': 'reach_cube_agent', 'contact_cost_weight': -0.0001, 'control_cost_weight': -0.0001, 'cube_distance_weight': 1.0, 'cube_touched_reward': 10.0, 'contact_threshold': 2.0}
15/04/2026 14:53:40 [INFO] ###################################################################################################
15/04/2026 14:53:40 [INFO] Experiment Algorithm: SAC - ReachEnv
15/04/2026 14:53:56 [INFO] Epoch 0 | J: 0.14107583441624197 R: 0.4801059597401497
15/04/2026 14:54:23 [INFO] Epoch 1 | J: 0.34104805035456354 R: 0.9454590586178312
15/04/2026 14:54:59 [INFO] Epoch 2 | J: -0.04456508353140598 R: -0.10336543827799476
15/04/2026 14:55:39 [INFO] Epoch 3 | J: -0.043663175932365086 R: -0.10064106299116293
15/04/2026 14:56:19 [INFO] Epoch 4 | J: -0.03814284777436807 R: -0.07245246168202948
15/04/2026 14:56:59 [INFO] Epoch 5 | J: -0.04488279918375811 R: -0.07602479760661103
15/04/2026 14:57:39 [INFO] Epoch 6 | J: -0.024529217737686453 R: -0.030703703070571207
15/04/2026 14:58:20 [INFO] Epoch 7 | J: 0.5607125325176073 R: 0.8465724906983672
15/04/2026 14:59:00 [INFO] Epoch 8 | J: 0.033882953683312275 R: 0.009816021803261158
15/04/2026 14:59:41 [INFO] Epoch 9 | J: -0.05829919610946967 R: -0.09949293669364397
15/04/2026 15:00:21 [INFO] Epoch 10 | J: -0.02919786722613259 R: -0.03739934679051353
15/04/2026 15:01:02 [INFO] Epoch 11 | J: 1.5704030209397968 R: 2.401155124249433
15/04/2026 15:01:42 [INFO] Epoch 12 | J: 0.09982956748753709 R: 0.4321328066824569
15/04/2026 15:02:22 [INFO] Epoch 13 | J: -0.034353033080332336 R: -0.04696070235331687
15/04/2026 15:03:02 [INFO] Epoch 14 | J: -0.02918763585331042 R: -0.0376524097002565
15/04/2026 15:03:43 [INFO] Epoch 15 | J: -0.045261589994565164 R: -0.07094319709467048
15/04/2026 15:04:23 [INFO] Epoch 16 | J: 0.19698605641111883 R: 0.4970120386285258
15/04/2026 15:05:03 [INFO] Epoch 17 | J: -0.042213444720396384 R: -0.06267895211208455
15/04/2026 15:05:44 [INFO] Epoch 18 | J: -0.0362355834296843 R: -0.013199046699420574
15/04/2026 15:06:24 [INFO] Epoch 19 | J: -0.02666044602530775 R: -0.035148741749251054
15/04/2026 15:07:04 [INFO] Epoch 20 | J: -0.04797787044933733 R: -0.10270436973429928
15/04/2026 15:07:44 [INFO] Epoch 21 | J: -0.05617505061246081 R: -0.12728815466084142
15/04/2026 15:08:24 [INFO] Epoch 22 | J: -0.028457979610973076 R: -0.037636667750820973
15/04/2026 15:09:05 [INFO] Epoch 23 | J: -0.04952173473441746 R: -0.08231584416643647
15/04/2026 15:09:45 [INFO] Epoch 24 | J: 0.29207453455567217 R: 0.42525974959442997
15/04/2026 15:10:26 [INFO] Epoch 25 | J: 0.4136608366270347 R: 0.6010106897933566
15/04/2026 15:11:07 [INFO] Epoch 26 | J: -0.04893605710302713 R: -0.06850479556969538
15/04/2026 15:11:48 [INFO] Epoch 27 | J: -0.06489373177998893 R: -0.14489603409073082
15/04/2026 15:12:28 [INFO] Epoch 28 | J: 0.11211401244653689 R: 0.4108585686581904
15/04/2026 15:13:09 [INFO] Epoch 29 | J: 0.12859962211257264 R: 0.2973691987115201
15/04/2026 15:13:49 [INFO] Epoch 30 | J: -0.05785666487080224 R: -0.11392611700236088
15/04/2026 15:14:30 [INFO] Epoch 31 | J: -0.058678930143672134 R: -0.12488137944085215
15/04/2026 15:15:10 [INFO] Epoch 32 | J: -0.055016763066326586 R: -0.11280680201792624
15/04/2026 15:15:51 [INFO] Epoch 33 | J: -0.07494906262012035 R: -0.17362202788610154
15/04/2026 15:16:32 [INFO] Epoch 34 | J: -0.08052572052918067 R: -0.1817932279187772
15/04/2026 15:17:13 [INFO] Epoch 35 | J: -0.06556373718910075 R: -0.14996672813044773
15/04/2026 15:17:54 [INFO] Epoch 36 | J: -0.06833185576273701 R: -0.15204467436393115
15/04/2026 15:18:35 [INFO] Epoch 37 | J: -0.058868633423379786 R: -0.09970113560923981
15/04/2026 15:19:16 [INFO] Epoch 38 | J: -0.0626793325511421 R: -0.13947581622278038
15/04/2026 15:19:57 [INFO] Epoch 39 | J: -0.04157360088725878 R: -0.06125488653602917
15/04/2026 15:20:38 [INFO] Epoch 40 | J: -0.04232912813779811 R: -0.06843824266085403
15/04/2026 15:21:19 [INFO] Epoch 41 | J: -0.031544274995086496 R: -0.039818796129155384
15/04/2026 15:21:59 [INFO] Epoch 42 | J: -0.02926702396241059 R: -0.03708115681260167
15/04/2026 15:22:40 [INFO] Epoch 43 | J: -0.04131188595555839 R: -0.06902861251704824
15/04/2026 15:23:20 [INFO] Epoch 44 | J: -0.028089434765801946 R: -0.03671053850839281
15/04/2026 15:24:01 [INFO] Epoch 45 | J: -0.0053611253316153224 R: -0.027778848998090466
15/04/2026 15:24:42 [INFO] Epoch 46 | J: -0.05846124528764465 R: -0.11633689791098786
15/04/2026 15:25:23 [INFO] Epoch 47 | J: -0.006061237268295645 R: -0.015171081146584171
15/04/2026 15:26:04 [INFO] Epoch 48 | J: -0.04762834230616627 R: -0.08193530547253369
15/04/2026 15:26:44 [INFO] Epoch 49 | J: -0.035780205052323384 R: 0.009014753924373974
15/04/2026 15:27:25 [INFO] Epoch 50 | J: -0.061917711186990174 R: -0.12365654892397071
15/04/2026 15:28:06 [INFO] Epoch 51 | J: -0.060458280194396787 R: -0.13033624194457435
15/04/2026 15:28:46 [INFO] Epoch 52 | J: -0.04750274752322907 R: -0.09813649786900777
15/04/2026 15:29:27 [INFO] Epoch 53 | J: 0.09578498769443063 R: 0.26060695537359835
15/04/2026 15:30:08 [INFO] Epoch 54 | J: -0.0261962390427508 R: -0.03203811611910029
15/04/2026 15:30:49 [INFO] Epoch 55 | J: 0.09172743213898112 R: 0.32242003097046223
15/04/2026 15:31:29 [INFO] Epoch 56 | J: -0.06213101225822536 R: -0.13916456554157644
15/04/2026 15:32:10 [INFO] Epoch 57 | J: -0.06123341329551814 R: -0.12240232699539891
15/04/2026 15:32:51 [INFO] Epoch 58 | J: -0.05920751375469261 R: -0.1212845278896067
15/04/2026 15:33:32 [INFO] Epoch 59 | J: -0.05953591040920668 R: -0.11949023134367083
15/04/2026 15:34:12 [INFO] Epoch 60 | J: -0.034741966761470705 R: -0.05017840417769906
15/04/2026 15:34:53 [INFO] Epoch 61 | J: -0.05383838351628388 R: -0.09448843140122384
15/04/2026 15:35:33 [INFO] Epoch 62 | J: -0.02502046168616942 R: -0.030723119981882457
15/04/2026 15:36:14 [INFO] Epoch 63 | J: -0.019917947690141498 R: 0.028367165328090548
15/04/2026 15:36:54 [INFO] Epoch 64 | J: -0.057664825686641254 R: -0.11362182895439989
15/04/2026 15:37:36 [INFO] Epoch 65 | J: -0.003849946628112991 R: 0.2209409432862583
15/04/2026 15:38:16 [INFO] Epoch 66 | J: -0.05172760514467724 R: -0.09323923809265344
15/04/2026 15:38:57 [INFO] Epoch 67 | J: -0.049378449327624856 R: -0.07893477779178289
15/04/2026 15:39:38 [INFO] Epoch 68 | J: -0.06131616950248562 R: -0.13881882540073895
15/04/2026 15:40:19 [INFO] Epoch 69 | J: -0.057470366174480605 R: -0.12634624119278828
15/04/2026 15:41:00 [INFO] Epoch 70 | J: -0.06314009207905673 R: -0.15849606309498115
15/04/2026 15:41:41 [INFO] Epoch 71 | J: -0.0488994025339451 R: -0.1027759760151345
15/04/2026 15:42:21 [INFO] Epoch 72 | J: -0.06773622801597315 R: -0.15304502038100273
15/04/2026 15:43:02 [INFO] Epoch 73 | J: 0.24833150020669492 R: 0.7539073541765318
15/04/2026 15:43:43 [INFO] Epoch 74 | J: 0.023253856577619365 R: 0.06530326470117422
15/04/2026 15:44:24 [INFO] Epoch 75 | J: -0.03572450565123913 R: -0.044889825334817474
15/04/2026 15:45:05 [INFO] Epoch 76 | J: 1.543686536477593 R: 3.760743850950542
15/04/2026 15:45:46 [INFO] Epoch 77 | J: -0.04873066971515192 R: -0.11793878429280191
15/04/2026 15:46:27 [INFO] Epoch 78 | J: 0.2717185071845815 R: 1.4237217307468564
15/04/2026 15:47:08 [INFO] Epoch 79 | J: -0.06290598804568241 R: -0.13274782916575342
15/04/2026 15:47:49 [INFO] Epoch 80 | J: -0.056178928636919145 R: -0.13412585455304513
15/04/2026 15:48:29 [INFO] Epoch 81 | J: 1.1767373717821907 R: 1.7637889104799254
15/04/2026 15:49:10 [INFO] Epoch 82 | J: 1.5218453798115286 R: 2.122568058166955
15/04/2026 15:49:51 [INFO] Epoch 83 | J: 3.073127629972352 R: 6.214595817146337
15/04/2026 15:50:32 [INFO] Epoch 84 | J: -0.06299655060230064 R: -0.13963952298882476
15/04/2026 15:51:14 [INFO] Epoch 85 | J: -0.05246723297650594 R: -0.10280066445241635
15/04/2026 15:51:54 [INFO] Epoch 86 | J: -0.05280154873071931 R: -0.09393873839385224
15/04/2026 15:52:35 [INFO] Epoch 87 | J: -0.03551081026071501 R: -0.05004173564598989
15/04/2026 15:53:16 [INFO] Epoch 88 | J: -0.03607085131702253 R: -0.026017964880240864
15/04/2026 15:53:57 [INFO] Epoch 89 | J: -0.059644200623013385 R: -0.13535451752645003
15/04/2026 15:54:38 [INFO] Epoch 90 | J: -0.03823131305688503 R: -0.09145370223590074
15/04/2026 15:55:18 [INFO] Epoch 91 | J: 0.05264834047329886 R: 0.18691820707770754
15/04/2026 15:55:59 [INFO] Epoch 92 | J: -0.034682319535805105 R: -0.05277423609397118
15/04/2026 15:56:39 [INFO] Epoch 93 | J: -0.05628636702607338 R: -0.12725536541252605
15/04/2026 15:57:20 [INFO] Epoch 94 | J: -0.0585197631413293 R: -0.13346897463800422
15/04/2026 15:58:00 [INFO] Epoch 95 | J: -0.05745681033587153 R: -0.1171831023833379
15/04/2026 15:58:41 [INFO] Epoch 96 | J: -0.05049444464326154 R: -0.09764383653366876
15/04/2026 15:59:21 [INFO] Epoch 97 | J: -0.028297508319113648 R: -0.048223768780283296
15/04/2026 16:00:01 [INFO] Epoch 98 | J: 0.002166783327658788 R: 0.05429839822243993
15/04/2026 16:00:42 [INFO] Epoch 99 | J: -0.05539846139822772 R: -0.11875421511934377
15/04/2026 16:01:22 [INFO] Epoch 100 | J: -0.043797303919330774 R: -0.08807438567766955
15/04/2026 16:02:02 [INFO] Epoch 101 | J: -0.03588430410182777 R: -0.06224605941083603
15/04/2026 16:02:42 [INFO] Epoch 102 | J: -0.04547115446376793 R: -0.07639604037553552
15/04/2026 16:03:22 [INFO] Epoch 103 | J: 0.11502070402955217 R: 0.4074096874665999
15/04/2026 16:04:03 [INFO] Epoch 104 | J: 1.3805597235076033 R: 4.691365386175803
15/04/2026 16:04:43 [INFO] Epoch 105 | J: -0.03779838978853623 R: -0.013819711357032206
15/04/2026 16:05:24 [INFO] Epoch 106 | J: -0.029624879570184816 R: 0.018964961830605385
15/04/2026 16:06:04 [INFO] Epoch 107 | J: -0.009464462320154953 R: 0.1697278485160724
15/04/2026 16:06:45 [INFO] Epoch 108 | J: -0.05259615661226142 R: -0.1130887233351101
15/04/2026 16:07:26 [INFO] Epoch 109 | J: -0.033757574371926835 R: -0.04450785740603146
15/04/2026 16:08:06 [INFO] Epoch 110 | J: -0.0575199064724555 R: -0.10668963909617592
15/04/2026 16:08:47 [INFO] Epoch 111 | J: -0.06686565527575897 R: -0.15556090573420045
15/04/2026 16:09:27 [INFO] Epoch 112 | J: -0.06399343002958366 R: -0.14146517007540005
15/04/2026 16:10:07 [INFO] Epoch 113 | J: -0.060856231336419 R: -0.1290159114452985
15/04/2026 16:10:48 [INFO] Epoch 114 | J: -0.05958165840817083 R: -0.11075091880858794
15/04/2026 16:11:28 [INFO] Epoch 115 | J: -0.054114862225215644 R: -0.10653791084263482
15/04/2026 16:12:08 [INFO] Epoch 116 | J: -0.06281510548031244 R: -0.13696581181399106
15/04/2026 16:12:49 [INFO] Epoch 117 | J: -0.05793832030452297 R: -0.1047292224525158
15/04/2026 16:13:29 [INFO] Epoch 118 | J: -0.05899594086774417 R: -0.10478898575616734
15/04/2026 16:14:09 [INFO] Epoch 119 | J: -0.05761561084219761 R: -0.10916189942652281
15/04/2026 16:14:50 [INFO] Epoch 120 | J: -0.06991974505134675 R: -0.15675407583151493
15/04/2026 16:15:31 [INFO] Epoch 121 | J: -0.062013099980191916 R: -0.1409781959941714
15/04/2026 16:16:12 [INFO] Epoch 122 | J: -0.07254760462021045 R: -0.1620237695652524
15/04/2026 16:16:52 [INFO] Epoch 123 | J: -0.06715324300069365 R: -0.14550655169922433
15/04/2026 16:17:33 [INFO] Epoch 124 | J: 0.07218369548531271 R: 0.1357422894570759
15/04/2026 16:18:13 [INFO] Epoch 125 | J: -0.04261842327486657 R: -0.07774177287437758
15/04/2026 16:18:54 [INFO] Epoch 126 | J: -0.06755879949181734 R: -0.1595975855807644
15/04/2026 16:19:35 [INFO] Epoch 127 | J: -0.04525552624760629 R: -0.08633449481283328
15/04/2026 16:20:16 [INFO] Epoch 128 | J: -0.06289225300430078 R: -0.14231416929197252
15/04/2026 16:20:57 [INFO] Epoch 129 | J: -0.059175598266572836 R: -0.13288865896238972
15/04/2026 16:21:37 [INFO] Epoch 130 | J: -0.06583358966164088 R: -0.14199012885329446
15/04/2026 16:22:18 [INFO] Epoch 131 | J: -0.034993587906460975 R: -0.06570310449603924
15/04/2026 16:22:59 [INFO] Epoch 132 | J: -0.05055694560362727 R: -0.10673275473793917
15/04/2026 16:23:40 [INFO] Epoch 133 | J: -0.02970166858776292 R: -0.09413200078103098
15/04/2026 16:24:21 [INFO] Epoch 134 | J: -0.04309149497333867 R: -0.10171498742349712
15/04/2026 16:25:02 [INFO] Epoch 135 | J: -0.05627550496221399 R: -0.11937117337255984
15/04/2026 16:25:42 [INFO] Epoch 136 | J: -0.06255976199626388 R: -0.13528728434428514
15/04/2026 16:26:23 [INFO] Epoch 137 | J: -0.04394873650892063 R: -0.07527398118276694
15/04/2026 16:27:04 [INFO] Epoch 138 | J: 0.05286195081086571 R: 0.36138161017803694
15/04/2026 16:27:44 [INFO] Epoch 139 | J: -0.033907648769173376 R: -0.046502916704556675
15/04/2026 16:28:25 [INFO] Epoch 140 | J: -0.05709571589559217 R: -0.11065977201881022
15/04/2026 16:29:06 [INFO] Epoch 141 | J: -0.06215793994472176 R: -0.13414786228918008
15/04/2026 16:29:47 [INFO] Epoch 142 | J: -0.0547778649655649 R: -0.115211585411501
15/04/2026 16:30:28 [INFO] Epoch 143 | J: -0.06484757282523225 R: -0.15311935890407777
15/04/2026 16:31:09 [INFO] Epoch 144 | J: -0.0571666641440441 R: -0.11300539091868468
15/04/2026 16:31:50 [INFO] Epoch 145 | J: -0.05442706915331426 R: -0.095888823234502
15/04/2026 16:32:31 [INFO] Epoch 146 | J: -0.04861559120585736 R: -0.0916832101248936
15/04/2026 16:33:12 [INFO] Epoch 147 | J: -0.04752531530912483 R: -0.07257309101788732
15/04/2026 16:33:54 [INFO] Epoch 148 | J: 0.26403018674475 R: 0.7871865116596538
15/04/2026 16:34:35 [INFO] Epoch 149 | J: -0.05253455216821655 R: -0.09551833585285607
15/04/2026 16:35:16 [INFO] Epoch 150 | J: -0.05596707799480948 R: -0.11557023692224822
15/04/2026 16:35:17 [INFO] Experiment finished.
submitit INFO (2026-04-15 16:35:17,141) - Job completed successfully
[2026-04-15 16:35:17,141][submitit][INFO] - Job completed successfully
submitit INFO (2026-04-15 16:35:17,145) - Exiting after successful completion
[2026-04-15 16:35:17,145][submitit][INFO] - Exiting after successful completion
