submitit INFO (2026-04-15 14:53:12,141) - Starting with JobEnvironment(job_id=2814315_2, hostname=cn003, local_rank=0(1), node=0(1), global_rank=0(1))
submitit INFO (2026-04-15 14:53:12,141) - Loading pickle: /home/matgat/safe-bimanual-rl/multirun/2026-04-15/14-53-05/.submitit/2814315_2/2814315_2_submitted.pkl
Running with config:
{'n_epochs': 150, 'n_steps': 4000, 'n_steps_test': 2000, 'use_cluster': True, 'save_model': True, 'model_name': 'reach_cube_agent', 'contact_cost_weight': -0.0001, 'control_cost_weight': -0.0001, 'cube_distance_weight': 1.0, 'cube_touched_reward': 10.0, 'contact_threshold': 3.0}
15/04/2026 14:53:40 [INFO] ###################################################################################################
15/04/2026 14:53:40 [INFO] Experiment Algorithm: SAC - ReachEnv
15/04/2026 14:53:56 [INFO] Epoch 0 | J: -0.05537538785307907 R: -0.12692787203216474
15/04/2026 14:54:22 [INFO] Epoch 1 | J: -0.05796729882249717 R: -0.13975580125124015
15/04/2026 14:54:55 [INFO] Epoch 2 | J: -0.04340946129642021 R: -0.10075211608544246
15/04/2026 14:55:32 [INFO] Epoch 3 | J: -0.04441845435647481 R: -0.10238953271983284
15/04/2026 14:56:09 [INFO] Epoch 4 | J: -0.044582441932651366 R: -0.102610239528275
15/04/2026 14:56:46 [INFO] Epoch 5 | J: 0.24268398999307983 R: 1.6099621553194274
15/04/2026 14:57:24 [INFO] Epoch 6 | J: -0.06583828628569181 R: -0.16332996315902076
15/04/2026 14:58:02 [INFO] Epoch 7 | J: -0.06047354500538956 R: -0.13021031716661044
15/04/2026 14:58:39 [INFO] Epoch 8 | J: 0.20347949600573517 R: 1.0309114651733295
15/04/2026 14:59:17 [INFO] Epoch 9 | J: -0.0491234958630274 R: -0.0961710925932477
15/04/2026 14:59:54 [INFO] Epoch 10 | J: -0.07677595910456249 R: -0.17366412385140917
15/04/2026 15:00:32 [INFO] Epoch 11 | J: -0.0753158640077282 R: -0.18068509495260252
15/04/2026 15:01:09 [INFO] Epoch 12 | J: -0.06872808842129458 R: -0.15112920437204783
15/04/2026 15:01:47 [INFO] Epoch 13 | J: -0.05629851880746064 R: -0.13688518599514368
15/04/2026 15:02:24 [INFO] Epoch 14 | J: -0.0708146861232489 R: -0.17556863658403413
15/04/2026 15:03:02 [INFO] Epoch 15 | J: -0.06513508471213034 R: -0.17172258590464345
15/04/2026 15:03:39 [INFO] Epoch 16 | J: -0.06786436596896613 R: -0.17388380760765476
15/04/2026 15:04:17 [INFO] Epoch 17 | J: -0.0561475611852994 R: -0.13380894888380343
15/04/2026 15:04:55 [INFO] Epoch 18 | J: -0.05328978569158614 R: -0.10252756746232
15/04/2026 15:05:32 [INFO] Epoch 19 | J: -0.06820501914784101 R: -0.17181898160539552
15/04/2026 15:06:10 [INFO] Epoch 20 | J: -0.07864811569883498 R: -0.1990065962765311
15/04/2026 15:06:47 [INFO] Epoch 21 | J: -0.06445975894470891 R: -0.15235662997142316
15/04/2026 15:07:25 [INFO] Epoch 22 | J: -0.062184743658982834 R: -0.10616400155304287
15/04/2026 15:08:03 [INFO] Epoch 23 | J: 0.07794240685124536 R: 0.7592580992350538
15/04/2026 15:08:40 [INFO] Epoch 24 | J: -0.0496726036328445 R: -0.0203571520260587
15/04/2026 15:09:18 [INFO] Epoch 25 | J: -0.07256778382434709 R: -0.1628540032691346
15/04/2026 15:09:56 [INFO] Epoch 26 | J: -0.0847801090959773 R: -0.19158560909946434
15/04/2026 15:10:34 [INFO] Epoch 27 | J: -0.07110963621578358 R: -0.1651426172627994
15/04/2026 15:11:12 [INFO] Epoch 28 | J: -0.07761778410369218 R: -0.1616193540573777
15/04/2026 15:11:51 [INFO] Epoch 29 | J: -0.06844780103747038 R: -0.15265144955492072
15/04/2026 15:12:30 [INFO] Epoch 30 | J: -0.07118024532812303 R: -0.16303948421486056
15/04/2026 15:13:08 [INFO] Epoch 31 | J: -0.060927352613866066 R: -0.1303990998973367
15/04/2026 15:13:47 [INFO] Epoch 32 | J: -0.07292209821985202 R: -0.1663761626314253
15/04/2026 15:14:25 [INFO] Epoch 33 | J: -0.07103996335738177 R: -0.1552705451835803
15/04/2026 15:15:04 [INFO] Epoch 34 | J: -0.0747067723753123 R: -0.1693511302152714
15/04/2026 15:15:42 [INFO] Epoch 35 | J: -0.06673222620569129 R: -0.1496704964758309
15/04/2026 15:16:21 [INFO] Epoch 36 | J: -0.07153950998818182 R: -0.17146782635205615
15/04/2026 15:16:59 [INFO] Epoch 37 | J: -0.06287529959709291 R: -0.1473831934502191
15/04/2026 15:17:37 [INFO] Epoch 38 | J: -0.07911108341254756 R: -0.1760642681024642
15/04/2026 15:18:15 [INFO] Epoch 39 | J: -0.08790102985099917 R: -0.20440907996685279
15/04/2026 15:18:53 [INFO] Epoch 40 | J: -0.07718272755747085 R: -0.17475819897319392
15/04/2026 15:19:31 [INFO] Epoch 41 | J: -0.049472124872368135 R: -0.07397150600529495
15/04/2026 15:20:09 [INFO] Epoch 42 | J: -0.0362568844460676 R: -0.04845100211950259
15/04/2026 15:20:46 [INFO] Epoch 43 | J: -0.06754465633630674 R: -0.16593860074364616
15/04/2026 15:21:24 [INFO] Epoch 44 | J: -0.056994935001942956 R: -0.11161164187490609
15/04/2026 15:22:01 [INFO] Epoch 45 | J: -0.0681732202343544 R: -0.15934403963791993
15/04/2026 15:22:39 [INFO] Epoch 46 | J: -0.06219827391972044 R: -0.14755717623328635
15/04/2026 15:23:17 [INFO] Epoch 47 | J: -0.06945323058803723 R: -0.1677609993887391
15/04/2026 15:23:54 [INFO] Epoch 48 | J: -0.06213215803164492 R: -0.09531540993844048
15/04/2026 15:24:32 [INFO] Epoch 49 | J: -0.07687617357087494 R: -0.174651847842401
15/04/2026 15:25:10 [INFO] Epoch 50 | J: -0.08860080430230528 R: -0.21882663428705745
15/04/2026 15:25:48 [INFO] Epoch 51 | J: -0.08595419209559414 R: -0.19987935893183167
15/04/2026 15:26:26 [INFO] Epoch 52 | J: -0.07263315111115357 R: -0.15717812234149142
15/04/2026 15:27:03 [INFO] Epoch 53 | J: 0.18509363210572866 R: 1.4141127885009739
15/04/2026 15:27:41 [INFO] Epoch 54 | J: 0.4243946794981784 R: 2.929396944804936
15/04/2026 15:28:18 [INFO] Epoch 55 | J: -0.07311135800027543 R: -0.1609278090054199
15/04/2026 15:28:56 [INFO] Epoch 56 | J: -0.07215886099991944 R: -0.1696198308242396
15/04/2026 15:29:33 [INFO] Epoch 57 | J: -0.07006894197934957 R: -0.1640664522524175
15/04/2026 15:30:11 [INFO] Epoch 58 | J: -0.07602531160348638 R: -0.17561531522193877
15/04/2026 15:30:48 [INFO] Epoch 59 | J: -0.07320381134161327 R: -0.16927303859926296
15/04/2026 15:31:26 [INFO] Epoch 60 | J: -0.07558039289686266 R: -0.17440363213658522
15/04/2026 15:32:03 [INFO] Epoch 61 | J: -0.07991886778238942 R: -0.18951365002739337
15/04/2026 15:32:41 [INFO] Epoch 62 | J: -0.06268880720909718 R: -0.12915997339375754
15/04/2026 15:33:18 [INFO] Epoch 63 | J: -0.07231731278073927 R: -0.17066459885120464
15/04/2026 15:33:56 [INFO] Epoch 64 | J: -0.07703582103134053 R: -0.1861274110910942
15/04/2026 15:34:34 [INFO] Epoch 65 | J: -0.07376861724216405 R: -0.1664375219474643
15/04/2026 15:35:12 [INFO] Epoch 66 | J: -0.07165804146260477 R: -0.16168925409454765
15/04/2026 15:35:50 [INFO] Epoch 67 | J: -0.07151838937343938 R: -0.15328280344650755
15/04/2026 15:36:28 [INFO] Epoch 68 | J: -0.07297111612361218 R: -0.1623281486512897
15/04/2026 15:37:06 [INFO] Epoch 69 | J: -0.07512158284371787 R: -0.16940946860719422
15/04/2026 15:37:44 [INFO] Epoch 70 | J: -0.06537245570057672 R: -0.14849677611778214
15/04/2026 15:38:22 [INFO] Epoch 71 | J: -0.06888362647665838 R: -0.15262926523326276
15/04/2026 15:38:59 [INFO] Epoch 72 | J: -0.07398755024053331 R: -0.17121734770235814
15/04/2026 15:39:37 [INFO] Epoch 73 | J: -0.060907465808425154 R: -0.10566994546939945
15/04/2026 15:40:14 [INFO] Epoch 74 | J: -0.06623982514360448 R: -0.1585615573495575
15/04/2026 15:40:53 [INFO] Epoch 75 | J: -0.05835499814164938 R: -0.13593069461963056
15/04/2026 15:41:32 [INFO] Epoch 76 | J: -0.05592369587700863 R: -0.1185707359142413
15/04/2026 15:42:10 [INFO] Epoch 77 | J: -0.06646402465680357 R: -0.14624581325299185
15/04/2026 15:42:48 [INFO] Epoch 78 | J: -0.04429371708317588 R: -0.004920411060423835
15/04/2026 15:43:26 [INFO] Epoch 79 | J: 0.037037359030937016 R: 0.2488259661992092
15/04/2026 15:44:03 [INFO] Epoch 80 | J: -0.06772916918977151 R: -0.15643035658987936
15/04/2026 15:44:41 [INFO] Epoch 81 | J: -0.05418363343451218 R: -0.10297299330512158
15/04/2026 15:45:19 [INFO] Epoch 82 | J: 0.4202283962046467 R: 1.2421378528631504
15/04/2026 15:45:58 [INFO] Epoch 83 | J: -0.07349883623290034 R: -0.16908277619323187
15/04/2026 15:46:37 [INFO] Epoch 84 | J: -0.09034959974424497 R: -0.21319984258739771
15/04/2026 15:47:16 [INFO] Epoch 85 | J: -0.08799441217353328 R: -0.20155468637599036
15/04/2026 15:47:54 [INFO] Epoch 86 | J: -0.07900063841912162 R: -0.1729058434627717
15/04/2026 15:48:32 [INFO] Epoch 87 | J: -0.07648124942555087 R: -0.16715193312985283
15/04/2026 15:49:10 [INFO] Epoch 88 | J: -0.07693029518135566 R: -0.17374805304484947
15/04/2026 15:49:48 [INFO] Epoch 89 | J: -0.04400584222917752 R: -0.02469784702436285
15/04/2026 15:50:26 [INFO] Epoch 90 | J: -0.05936131722373981 R: -0.1283097282276799
15/04/2026 15:51:04 [INFO] Epoch 91 | J: -0.06782200248316357 R: -0.15375955705214328
15/04/2026 15:51:42 [INFO] Epoch 92 | J: -0.08148690632769627 R: -0.1933040787853661
15/04/2026 15:52:20 [INFO] Epoch 93 | J: -0.0653968536391924 R: -0.14879342591899394
15/04/2026 15:52:59 [INFO] Epoch 94 | J: -0.06436694462450308 R: -0.1491801390800609
15/04/2026 15:53:37 [INFO] Epoch 95 | J: -0.07108511371403445 R: -0.1716296168215564
15/04/2026 15:54:15 [INFO] Epoch 96 | J: -0.06757248880997117 R: -0.16223533132356338
15/04/2026 15:54:54 [INFO] Epoch 97 | J: -0.08317636343740001 R: -0.21410503219748583
15/04/2026 15:55:32 [INFO] Epoch 98 | J: -0.05608147813314474 R: -0.11134319179193548
15/04/2026 15:56:10 [INFO] Epoch 99 | J: -0.03054159632418828 R: -0.07337650515702991
15/04/2026 15:56:48 [INFO] Epoch 100 | J: 0.03607172361658021 R: 0.15953527026422887
submitit INFO (2026-04-15 15:57:13,373) - Job completed successfully
[2026-04-15 15:57:13,373][submitit][INFO] - Job completed successfully
submitit INFO (2026-04-15 15:57:13,382) - Exiting after successful completion
[2026-04-15 15:57:13,382][submitit][INFO] - Exiting after successful completion
